<?xml version="1.0" encoding="UTF-8"?>
<!-- Generated by org.testng.reporters.JUnitReportReporter -->
<testsuite hostname="DESKTOP-45HEKQS" failures="0" tests="3" name="com.testclasses.Languagechang" time="111.759" errors="0" timestamp="2022-11-27T12:21:44 IST" skipped="0">
  <testcase classname="com.testclasses.Languagechang" name="languagechange" time="38.203"/>
  <system-out/>
  <testcase classname="com.testclasses.Languagechang" name="languagechange" time="36.936"/>
  <system-out/>
  <testcase classname="com.testclasses.Languagechang" name="languagechange" time="36.620"/>
  <system-out/>
</testsuite> <!-- com.testclasses.Languagechang -->
