<?xml version="1.0" encoding="UTF-8"?>
<!-- Generated by org.testng.reporters.JUnitReportReporter -->
<testsuite hostname="DESKTOP-45HEKQS" failures="0" tests="1" name="com.testclasses.Toury" time="56.820" errors="0" timestamp="2022-11-27T11:20:23 IST" skipped="0">
  <testcase classname="com.testclasses.Toury" name="method" time="56.820"/>
  <system-out/>
</testsuite> <!-- com.testclasses.Toury -->
